<?xml version="1.0" encoding="UTF-8"?>
<testsuite xmlns:xsi="http://www.w3.org/2001/XMLSchema-instance" xsi:noNamespaceSchemaLocation="https://maven.apache.org/surefire/maven-surefire-plugin/xsd/surefire-test-report.xsd" version="3.0.2" name="com.fabric.watcher.archive.security.RateLimitingSecurityTest" time="0.198" tests="7" errors="0" skipped="0" failures="1">
  <properties>
    <property name="java.specification.version" value="17"/>
    <property name="sun.jnu.encoding" value="UTF-8"/>
    <property name="java.class.path" value="/Users/pavankanduri/claude-ws/fabric-platform-new/database-script-watcher/target/test-classes:/Users/pavankanduri/claude-ws/fabric-platform-new/database-script-watcher/target/classes:/Users/pavankanduri/.m2/repository/org/springframework/boot/spring-boot-starter-web/3.4.6/spring-boot-starter-web-3.4.6.jar:/Users/pavankanduri/.m2/repository/org/springframework/boot/spring-boot-starter/3.4.6/spring-boot-starter-3.4.6.jar:/Users/pavankanduri/.m2/repository/org/springframework/boot/spring-boot/3.4.6/spring-boot-3.4.6.jar:/Users/pavankanduri/.m2/repository/org/springframework/boot/spring-boot-autoconfigure/3.4.6/spring-boot-autoconfigure-3.4.6.jar:/Users/pavankanduri/.m2/repository/org/springframework/boot/spring-boot-starter-logging/3.4.6/spring-boot-starter-logging-3.4.6.jar:/Users/pavankanduri/.m2/repository/ch/qos/logback/logback-classic/1.5.18/logback-classic-1.5.18.jar:/Users/pavankanduri/.m2/repository/ch/qos/logback/logback-core/1.5.18/logback-core-1.5.18.jar:/Users/pavankanduri/.m2/repository/org/apache/logging/log4j/log4j-to-slf4j/2.24.3/log4j-to-slf4j-2.24.3.jar:/Users/pavankanduri/.m2/repository/org/apache/logging/log4j/log4j-api/2.24.3/log4j-api-2.24.3.jar:/Users/pavankanduri/.m2/repository/org/slf4j/jul-to-slf4j/2.0.17/jul-to-slf4j-2.0.17.jar:/Users/pavankanduri/.m2/repository/org/yaml/snakeyaml/2.3/snakeyaml-2.3.jar:/Users/pavankanduri/.m2/repository/org/springframework/boot/spring-boot-starter-json/3.4.6/spring-boot-starter-json-3.4.6.jar:/Users/pavankanduri/.m2/repository/com/fasterxml/jackson/datatype/jackson-datatype-jdk8/2.18.4/jackson-datatype-jdk8-2.18.4.jar:/Users/pavankanduri/.m2/repository/com/fasterxml/jackson/datatype/jackson-datatype-jsr310/2.18.4/jackson-datatype-jsr310-2.18.4.jar:/Users/pavankanduri/.m2/repository/com/fasterxml/jackson/module/jackson-module-parameter-names/2.18.4/jackson-module-parameter-names-2.18.4.jar:/Users/pavankanduri/.m2/repository/org/springframework/boot/spring-boot-starter-tomcat/3.4.6/spring-boot-starter-tomcat-3.4.6.jar:/Users/pavankanduri/.m2/repository/org/apache/tomcat/embed/tomcat-embed-core/10.1.41/tomcat-embed-core-10.1.41.jar:/Users/pavankanduri/.m2/repository/org/apache/tomcat/embed/tomcat-embed-websocket/10.1.41/tomcat-embed-websocket-10.1.41.jar:/Users/pavankanduri/.m2/repository/org/springframework/spring-web/6.2.7/spring-web-6.2.7.jar:/Users/pavankanduri/.m2/repository/org/springframework/spring-webmvc/6.2.7/spring-webmvc-6.2.7.jar:/Users/pavankanduri/.m2/repository/org/springframework/spring-context/6.2.7/spring-context-6.2.7.jar:/Users/pavankanduri/.m2/repository/org/springframework/spring-expression/6.2.7/spring-expression-6.2.7.jar:/Users/pavankanduri/.m2/repository/org/springframework/boot/spring-boot-starter-data-jpa/3.4.6/spring-boot-starter-data-jpa-3.4.6.jar:/Users/pavankanduri/.m2/repository/org/springframework/boot/spring-boot-starter-jdbc/3.4.6/spring-boot-starter-jdbc-3.4.6.jar:/Users/pavankanduri/.m2/repository/com/zaxxer/HikariCP/5.1.0/HikariCP-5.1.0.jar:/Users/pavankanduri/.m2/repository/org/springframework/spring-jdbc/6.2.7/spring-jdbc-6.2.7.jar:/Users/pavankanduri/.m2/repository/org/hibernate/orm/hibernate-core/6.6.15.Final/hibernate-core-6.6.15.Final.jar:/Users/pavankanduri/.m2/repository/jakarta/persistence/jakarta.persistence-api/3.1.0/jakarta.persistence-api-3.1.0.jar:/Users/pavankanduri/.m2/repository/jakarta/transaction/jakarta.transaction-api/2.0.1/jakarta.transaction-api-2.0.1.jar:/Users/pavankanduri/.m2/repository/org/jboss/logging/jboss-logging/3.6.1.Final/jboss-logging-3.6.1.Final.jar:/Users/pavankanduri/.m2/repository/org/hibernate/common/hibernate-commons-annotations/7.0.3.Final/hibernate-commons-annotations-7.0.3.Final.jar:/Users/pavankanduri/.m2/repository/io/smallrye/jandex/3.2.0/jandex-3.2.0.jar:/Users/pavankanduri/.m2/repository/com/fasterxml/classmate/1.7.0/classmate-1.7.0.jar:/Users/pavankanduri/.m2/repository/net/bytebuddy/byte-buddy/1.15.11/byte-buddy-1.15.11.jar:/Users/pavankanduri/.m2/repository/org/glassfish/jaxb/jaxb-runtime/4.0.5/jaxb-runtime-4.0.5.jar:/Users/pavankanduri/.m2/repository/org/glassfish/jaxb/jaxb-core/4.0.5/jaxb-core-4.0.5.jar:/Users/pavankanduri/.m2/repository/org/eclipse/angus/angus-activation/2.0.2/angus-activation-2.0.2.jar:/Users/pavankanduri/.m2/repository/org/glassfish/jaxb/txw2/4.0.5/txw2-4.0.5.jar:/Users/pavankanduri/.m2/repository/com/sun/istack/istack-commons-runtime/4.1.2/istack-commons-runtime-4.1.2.jar:/Users/pavankanduri/.m2/repository/jakarta/inject/jakarta.inject-api/2.0.1/jakarta.inject-api-2.0.1.jar:/Users/pavankanduri/.m2/repository/org/antlr/antlr4-runtime/4.13.0/antlr4-runtime-4.13.0.jar:/Users/pavankanduri/.m2/repository/org/springframework/data/spring-data-jpa/3.4.6/spring-data-jpa-3.4.6.jar:/Users/pavankanduri/.m2/repository/org/springframework/data/spring-data-commons/3.4.6/spring-data-commons-3.4.6.jar:/Users/pavankanduri/.m2/repository/org/springframework/spring-orm/6.2.7/spring-orm-6.2.7.jar:/Users/pavankanduri/.m2/repository/org/springframework/spring-aspects/6.2.7/spring-aspects-6.2.7.jar:/Users/pavankanduri/.m2/repository/org/aspectj/aspectjweaver/1.9.24/aspectjweaver-1.9.24.jar:/Users/pavankanduri/.m2/repository/org/springframework/boot/spring-boot-starter-validation/3.4.6/spring-boot-starter-validation-3.4.6.jar:/Users/pavankanduri/.m2/repository/org/apache/tomcat/embed/tomcat-embed-el/10.1.41/tomcat-embed-el-10.1.41.jar:/Users/pavankanduri/.m2/repository/org/hibernate/validator/hibernate-validator/8.0.2.Final/hibernate-validator-8.0.2.Final.jar:/Users/pavankanduri/.m2/repository/jakarta/validation/jakarta.validation-api/3.0.2/jakarta.validation-api-3.0.2.jar:/Users/pavankanduri/.m2/repository/org/springframework/boot/spring-boot-starter-actuator/3.4.6/spring-boot-starter-actuator-3.4.6.jar:/Users/pavankanduri/.m2/repository/org/springframework/boot/spring-boot-actuator-autoconfigure/3.4.6/spring-boot-actuator-autoconfigure-3.4.6.jar:/Users/pavankanduri/.m2/repository/org/springframework/boot/spring-boot-actuator/3.4.6/spring-boot-actuator-3.4.6.jar:/Users/pavankanduri/.m2/repository/io/micrometer/micrometer-observation/1.14.7/micrometer-observation-1.14.7.jar:/Users/pavankanduri/.m2/repository/io/micrometer/micrometer-commons/1.14.7/micrometer-commons-1.14.7.jar:/Users/pavankanduri/.m2/repository/io/micrometer/micrometer-jakarta9/1.14.7/micrometer-jakarta9-1.14.7.jar:/Users/pavankanduri/.m2/repository/io/micrometer/micrometer-core/1.14.7/micrometer-core-1.14.7.jar:/Users/pavankanduri/.m2/repository/org/hdrhistogram/HdrHistogram/2.2.2/HdrHistogram-2.2.2.jar:/Users/pavankanduri/.m2/repository/org/latencyutils/LatencyUtils/2.0.3/LatencyUtils-2.0.3.jar:/Users/pavankanduri/.m2/repository/org/springframework/boot/spring-boot-starter-security/3.4.6/spring-boot-starter-security-3.4.6.jar:/Users/pavankanduri/.m2/repository/org/springframework/spring-aop/6.2.7/spring-aop-6.2.7.jar:/Users/pavankanduri/.m2/repository/org/springframework/security/spring-security-config/6.4.6/spring-security-config-6.4.6.jar:/Users/pavankanduri/.m2/repository/org/springframework/security/spring-security-web/6.4.6/spring-security-web-6.4.6.jar:/Users/pavankanduri/.m2/repository/org/springframework/ldap/spring-ldap-core/3.2.12/spring-ldap-core-3.2.12.jar:/Users/pavankanduri/.m2/repository/org/springframework/spring-core/6.2.7/spring-core-6.2.7.jar:/Users/pavankanduri/.m2/repository/org/springframework/spring-jcl/6.2.7/spring-jcl-6.2.7.jar:/Users/pavankanduri/.m2/repository/org/springframework/spring-beans/6.2.7/spring-beans-6.2.7.jar:/Users/pavankanduri/.m2/repository/org/springframework/spring-tx/6.2.7/spring-tx-6.2.7.jar:/Users/pavankanduri/.m2/repository/org/slf4j/slf4j-api/2.0.17/slf4j-api-2.0.17.jar:/Users/pavankanduri/.m2/repository/com/h2database/h2/2.3.232/h2-2.3.232.jar:/Users/pavankanduri/.m2/repository/io/jsonwebtoken/jjwt-api/0.12.6/jjwt-api-0.12.6.jar:/Users/pavankanduri/.m2/repository/io/jsonwebtoken/jjwt-impl/0.12.6/jjwt-impl-0.12.6.jar:/Users/pavankanduri/.m2/repository/io/jsonwebtoken/jjwt-jackson/0.12.6/jjwt-jackson-0.12.6.jar:/Users/pavankanduri/.m2/repository/com/fasterxml/jackson/core/jackson-databind/2.18.4/jackson-databind-2.18.4.jar:/Users/pavankanduri/.m2/repository/com/fasterxml/jackson/core/jackson-annotations/2.18.4/jackson-annotations-2.18.4.jar:/Users/pavankanduri/.m2/repository/com/fasterxml/jackson/core/jackson-core/2.18.4/jackson-core-2.18.4.jar:/Users/pavankanduri/.m2/repository/io/github/resilience4j/resilience4j-spring-boot3/2.2.0/resilience4j-spring-boot3-2.2.0.jar:/Users/pavankanduri/.m2/repository/io/github/resilience4j/resilience4j-spring6/2.2.0/resilience4j-spring6-2.2.0.jar:/Users/pavankanduri/.m2/repository/io/github/resilience4j/resilience4j-annotations/2.2.0/resilience4j-annotations-2.2.0.jar:/Users/pavankanduri/.m2/repository/io/github/resilience4j/resilience4j-consumer/2.2.0/resilience4j-consumer-2.2.0.jar:/Users/pavankanduri/.m2/repository/io/github/resilience4j/resilience4j-core/2.2.0/resilience4j-core-2.2.0.jar:/Users/pavankanduri/.m2/repository/io/github/resilience4j/resilience4j-circularbuffer/2.2.0/resilience4j-circularbuffer-2.2.0.jar:/Users/pavankanduri/.m2/repository/io/github/resilience4j/resilience4j-framework-common/2.2.0/resilience4j-framework-common-2.2.0.jar:/Users/pavankanduri/.m2/repository/io/github/resilience4j/resilience4j-micrometer/2.2.0/resilience4j-micrometer-2.2.0.jar:/Users/pavankanduri/.m2/repository/io/github/resilience4j/resilience4j-bulkhead/2.2.0/resilience4j-bulkhead-2.2.0.jar:/Users/pavankanduri/.m2/repository/io/github/resilience4j/resilience4j-circuitbreaker/2.2.0/resilience4j-circuitbreaker-2.2.0.jar:/Users/pavankanduri/.m2/repository/io/github/resilience4j/resilience4j-retry/2.2.0/resilience4j-retry-2.2.0.jar:/Users/pavankanduri/.m2/repository/io/github/resilience4j/resilience4j-ratelimiter/2.2.0/resilience4j-ratelimiter-2.2.0.jar:/Users/pavankanduri/.m2/repository/io/github/resilience4j/resilience4j-timelimiter/2.2.0/resilience4j-timelimiter-2.2.0.jar:/Users/pavankanduri/.m2/repository/org/springdoc/springdoc-openapi-starter-webmvc-ui/2.6.0/springdoc-openapi-starter-webmvc-ui-2.6.0.jar:/Users/pavankanduri/.m2/repository/org/springdoc/springdoc-openapi-starter-webmvc-api/2.6.0/springdoc-openapi-starter-webmvc-api-2.6.0.jar:/Users/pavankanduri/.m2/repository/org/springdoc/springdoc-openapi-starter-common/2.6.0/springdoc-openapi-starter-common-2.6.0.jar:/Users/pavankanduri/.m2/repository/io/swagger/core/v3/swagger-core-jakarta/2.2.22/swagger-core-jakarta-2.2.22.jar:/Users/pavankanduri/.m2/repository/io/swagger/core/v3/swagger-annotations-jakarta/2.2.22/swagger-annotations-jakarta-2.2.22.jar:/Users/pavankanduri/.m2/repository/io/swagger/core/v3/swagger-models-jakarta/2.2.22/swagger-models-jakarta-2.2.22.jar:/Users/pavankanduri/.m2/repository/com/fasterxml/jackson/dataformat/jackson-dataformat-yaml/2.18.4/jackson-dataformat-yaml-2.18.4.jar:/Users/pavankanduri/.m2/repository/org/webjars/swagger-ui/5.17.14/swagger-ui-5.17.14.jar:/Users/pavankanduri/.m2/repository/org/apache/commons/commons-compress/1.27.1/commons-compress-1.27.1.jar:/Users/pavankanduri/.m2/repository/commons-codec/commons-codec/1.17.2/commons-codec-1.17.2.jar:/Users/pavankanduri/.m2/repository/org/apache/commons/commons-lang3/3.17.0/commons-lang3-3.17.0.jar:/Users/pavankanduri/.m2/repository/commons-io/commons-io/2.18.0/commons-io-2.18.0.jar:/Users/pavankanduri/.m2/repository/jakarta/annotation/jakarta.annotation-api/2.1.1/jakarta.annotation-api-2.1.1.jar:/Users/pavankanduri/.m2/repository/org/projectlombok/lombok/1.18.38/lombok-1.18.38.jar:/Users/pavankanduri/.m2/repository/org/springframework/boot/spring-boot-starter-test/3.4.6/spring-boot-starter-test-3.4.6.jar:/Users/pavankanduri/.m2/repository/org/springframework/boot/spring-boot-test/3.4.6/spring-boot-test-3.4.6.jar:/Users/pavankanduri/.m2/repository/org/springframework/boot/spring-boot-test-autoconfigure/3.4.6/spring-boot-test-autoconfigure-3.4.6.jar:/Users/pavankanduri/.m2/repository/com/jayway/jsonpath/json-path/2.9.0/json-path-2.9.0.jar:/Users/pavankanduri/.m2/repository/jakarta/xml/bind/jakarta.xml.bind-api/4.0.2/jakarta.xml.bind-api-4.0.2.jar:/Users/pavankanduri/.m2/repository/jakarta/activation/jakarta.activation-api/2.1.3/jakarta.activation-api-2.1.3.jar:/Users/pavankanduri/.m2/repository/net/minidev/json-smart/2.5.2/json-smart-2.5.2.jar:/Users/pavankanduri/.m2/repository/net/minidev/accessors-smart/2.5.2/accessors-smart-2.5.2.jar:/Users/pavankanduri/.m2/repository/org/ow2/asm/asm/9.7.1/asm-9.7.1.jar:/Users/pavankanduri/.m2/repository/org/assertj/assertj-core/3.26.3/assertj-core-3.26.3.jar:/Users/pavankanduri/.m2/repository/org/awaitility/awaitility/4.2.2/awaitility-4.2.2.jar:/Users/pavankanduri/.m2/repository/org/hamcrest/hamcrest/2.2/hamcrest-2.2.jar:/Users/pavankanduri/.m2/repository/org/junit/jupiter/junit-jupiter/5.11.4/junit-jupiter-5.11.4.jar:/Users/pavankanduri/.m2/repository/org/junit/jupiter/junit-jupiter-api/5.11.4/junit-jupiter-api-5.11.4.jar:/Users/pavankanduri/.m2/repository/org/opentest4j/opentest4j/1.3.0/opentest4j-1.3.0.jar:/Users/pavankanduri/.m2/repository/org/junit/platform/junit-platform-commons/1.11.4/junit-platform-commons-1.11.4.jar:/Users/pavankanduri/.m2/repository/org/apiguardian/apiguardian-api/1.1.2/apiguardian-api-1.1.2.jar:/Users/pavankanduri/.m2/repository/org/junit/jupiter/junit-jupiter-params/5.11.4/junit-jupiter-params-5.11.4.jar:/Users/pavankanduri/.m2/repository/org/junit/jupiter/junit-jupiter-engine/5.11.4/junit-jupiter-engine-5.11.4.jar:/Users/pavankanduri/.m2/repository/org/junit/platform/junit-platform-engine/1.11.4/junit-platform-engine-1.11.4.jar:/Users/pavankanduri/.m2/repository/org/mockito/mockito-core/5.14.2/mockito-core-5.14.2.jar:/Users/pavankanduri/.m2/repository/net/bytebuddy/byte-buddy-agent/1.15.11/byte-buddy-agent-1.15.11.jar:/Users/pavankanduri/.m2/repository/org/objenesis/objenesis/3.3/objenesis-3.3.jar:/Users/pavankanduri/.m2/repository/org/mockito/mockito-junit-jupiter/5.14.2/mockito-junit-jupiter-5.14.2.jar:/Users/pavankanduri/.m2/repository/org/skyscreamer/jsonassert/1.5.3/jsonassert-1.5.3.jar:/Users/pavankanduri/.m2/repository/com/vaadin/external/google/android-json/0.0.20131108.vaadin1/android-json-0.0.20131108.vaadin1.jar:/Users/pavankanduri/.m2/repository/org/springframework/spring-test/6.2.7/spring-test-6.2.7.jar:/Users/pavankanduri/.m2/repository/org/xmlunit/xmlunit-core/2.10.1/xmlunit-core-2.10.1.jar:/Users/pavankanduri/.m2/repository/org/springframework/security/spring-security-test/6.4.6/spring-security-test-6.4.6.jar:/Users/pavankanduri/.m2/repository/org/springframework/security/spring-security-core/6.4.6/spring-security-core-6.4.6.jar:/Users/pavankanduri/.m2/repository/org/springframework/security/spring-security-crypto/6.4.6/spring-security-crypto-6.4.6.jar:/Users/pavankanduri/.m2/repository/org/testcontainers/junit-jupiter/1.20.6/junit-jupiter-1.20.6.jar:/Users/pavankanduri/.m2/repository/org/testcontainers/testcontainers/1.20.6/testcontainers-1.20.6.jar:/Users/pavankanduri/.m2/repository/junit/junit/4.13.2/junit-4.13.2.jar:/Users/pavankanduri/.m2/repository/org/hamcrest/hamcrest-core/2.2/hamcrest-core-2.2.jar:/Users/pavankanduri/.m2/repository/org/rnorth/duct-tape/duct-tape/1.0.8/duct-tape-1.0.8.jar:/Users/pavankanduri/.m2/repository/org/jetbrains/annotations/17.0.0/annotations-17.0.0.jar:/Users/pavankanduri/.m2/repository/com/github/docker-java/docker-java-api/3.4.1/docker-java-api-3.4.1.jar:/Users/pavankanduri/.m2/repository/com/github/docker-java/docker-java-transport-zerodep/3.4.1/docker-java-transport-zerodep-3.4.1.jar:/Users/pavankanduri/.m2/repository/com/github/docker-java/docker-java-transport/3.4.1/docker-java-transport-3.4.1.jar:/Users/pavankanduri/.m2/repository/net/java/dev/jna/jna/5.13.0/jna-5.13.0.jar:/Users/pavankanduri/.m2/repository/org/wiremock/wiremock-standalone/3.0.1/wiremock-standalone-3.0.1.jar:"/>
    <property name="java.vm.vendor" value="Homebrew"/>
    <property name="sun.arch.data.model" value="64"/>
    <property name="java.vendor.url" value="https://github.com/Homebrew/homebrew-core/issues"/>
    <property name="user.timezone" value="America/New_York"/>
    <property name="os.name" value="Mac OS X"/>
    <property name="java.vm.specification.version" value="17"/>
    <property name="sun.java.launcher" value="SUN_STANDARD"/>
    <property name="user.country" value="US"/>
    <property name="sun.boot.library.path" value="/opt/homebrew/Cellar/openjdk@17/17.0.14/libexec/openjdk.jdk/Contents/Home/lib"/>
    <property name="sun.java.command" value="/Users/pavankanduri/claude-ws/fabric-platform-new/database-script-watcher/target/surefire/surefirebooter-20250817104731331_3.jar /Users/pavankanduri/claude-ws/fabric-platform-new/database-script-watcher/target/surefire 2025-08-17T10-47-31_279-jvmRun1 surefire-20250817104731331_1tmp surefire_0-20250817104731331_2tmp"/>
    <property name="http.nonProxyHosts" value="local|*.local|169.254/16|*.169.254/16"/>
    <property name="jdk.debug" value="release"/>
    <property name="test" value="*SecurityTest"/>
    <property name="surefire.test.class.path" value="/Users/pavankanduri/claude-ws/fabric-platform-new/database-script-watcher/target/test-classes:/Users/pavankanduri/claude-ws/fabric-platform-new/database-script-watcher/target/classes:/Users/pavankanduri/.m2/repository/org/springframework/boot/spring-boot-starter-web/3.4.6/spring-boot-starter-web-3.4.6.jar:/Users/pavankanduri/.m2/repository/org/springframework/boot/spring-boot-starter/3.4.6/spring-boot-starter-3.4.6.jar:/Users/pavankanduri/.m2/repository/org/springframework/boot/spring-boot/3.4.6/spring-boot-3.4.6.jar:/Users/pavankanduri/.m2/repository/org/springframework/boot/spring-boot-autoconfigure/3.4.6/spring-boot-autoconfigure-3.4.6.jar:/Users/pavankanduri/.m2/repository/org/springframework/boot/spring-boot-starter-logging/3.4.6/spring-boot-starter-logging-3.4.6.jar:/Users/pavankanduri/.m2/repository/ch/qos/logback/logback-classic/1.5.18/logback-classic-1.5.18.jar:/Users/pavankanduri/.m2/repository/ch/qos/logback/logback-core/1.5.18/logback-core-1.5.18.jar:/Users/pavankanduri/.m2/repository/org/apache/logging/log4j/log4j-to-slf4j/2.24.3/log4j-to-slf4j-2.24.3.jar:/Users/pavankanduri/.m2/repository/org/apache/logging/log4j/log4j-api/2.24.3/log4j-api-2.24.3.jar:/Users/pavankanduri/.m2/repository/org/slf4j/jul-to-slf4j/2.0.17/jul-to-slf4j-2.0.17.jar:/Users/pavankanduri/.m2/repository/org/yaml/snakeyaml/2.3/snakeyaml-2.3.jar:/Users/pavankanduri/.m2/repository/org/springframework/boot/spring-boot-starter-json/3.4.6/spring-boot-starter-json-3.4.6.jar:/Users/pavankanduri/.m2/repository/com/fasterxml/jackson/datatype/jackson-datatype-jdk8/2.18.4/jackson-datatype-jdk8-2.18.4.jar:/Users/pavankanduri/.m2/repository/com/fasterxml/jackson/datatype/jackson-datatype-jsr310/2.18.4/jackson-datatype-jsr310-2.18.4.jar:/Users/pavankanduri/.m2/repository/com/fasterxml/jackson/module/jackson-module-parameter-names/2.18.4/jackson-module-parameter-names-2.18.4.jar:/Users/pavankanduri/.m2/repository/org/springframework/boot/spring-boot-starter-tomcat/3.4.6/spring-boot-starter-tomcat-3.4.6.jar:/Users/pavankanduri/.m2/repository/org/apache/tomcat/embed/tomcat-embed-core/10.1.41/tomcat-embed-core-10.1.41.jar:/Users/pavankanduri/.m2/repository/org/apache/tomcat/embed/tomcat-embed-websocket/10.1.41/tomcat-embed-websocket-10.1.41.jar:/Users/pavankanduri/.m2/repository/org/springframework/spring-web/6.2.7/spring-web-6.2.7.jar:/Users/pavankanduri/.m2/repository/org/springframework/spring-webmvc/6.2.7/spring-webmvc-6.2.7.jar:/Users/pavankanduri/.m2/repository/org/springframework/spring-context/6.2.7/spring-context-6.2.7.jar:/Users/pavankanduri/.m2/repository/org/springframework/spring-expression/6.2.7/spring-expression-6.2.7.jar:/Users/pavankanduri/.m2/repository/org/springframework/boot/spring-boot-starter-data-jpa/3.4.6/spring-boot-starter-data-jpa-3.4.6.jar:/Users/pavankanduri/.m2/repository/org/springframework/boot/spring-boot-starter-jdbc/3.4.6/spring-boot-starter-jdbc-3.4.6.jar:/Users/pavankanduri/.m2/repository/com/zaxxer/HikariCP/5.1.0/HikariCP-5.1.0.jar:/Users/pavankanduri/.m2/repository/org/springframework/spring-jdbc/6.2.7/spring-jdbc-6.2.7.jar:/Users/pavankanduri/.m2/repository/org/hibernate/orm/hibernate-core/6.6.15.Final/hibernate-core-6.6.15.Final.jar:/Users/pavankanduri/.m2/repository/jakarta/persistence/jakarta.persistence-api/3.1.0/jakarta.persistence-api-3.1.0.jar:/Users/pavankanduri/.m2/repository/jakarta/transaction/jakarta.transaction-api/2.0.1/jakarta.transaction-api-2.0.1.jar:/Users/pavankanduri/.m2/repository/org/jboss/logging/jboss-logging/3.6.1.Final/jboss-logging-3.6.1.Final.jar:/Users/pavankanduri/.m2/repository/org/hibernate/common/hibernate-commons-annotations/7.0.3.Final/hibernate-commons-annotations-7.0.3.Final.jar:/Users/pavankanduri/.m2/repository/io/smallrye/jandex/3.2.0/jandex-3.2.0.jar:/Users/pavankanduri/.m2/repository/com/fasterxml/classmate/1.7.0/classmate-1.7.0.jar:/Users/pavankanduri/.m2/repository/net/bytebuddy/byte-buddy/1.15.11/byte-buddy-1.15.11.jar:/Users/pavankanduri/.m2/repository/org/glassfish/jaxb/jaxb-runtime/4.0.5/jaxb-runtime-4.0.5.jar:/Users/pavankanduri/.m2/repository/org/glassfish/jaxb/jaxb-core/4.0.5/jaxb-core-4.0.5.jar:/Users/pavankanduri/.m2/repository/org/eclipse/angus/angus-activation/2.0.2/angus-activation-2.0.2.jar:/Users/pavankanduri/.m2/repository/org/glassfish/jaxb/txw2/4.0.5/txw2-4.0.5.jar:/Users/pavankanduri/.m2/repository/com/sun/istack/istack-commons-runtime/4.1.2/istack-commons-runtime-4.1.2.jar:/Users/pavankanduri/.m2/repository/jakarta/inject/jakarta.inject-api/2.0.1/jakarta.inject-api-2.0.1.jar:/Users/pavankanduri/.m2/repository/org/antlr/antlr4-runtime/4.13.0/antlr4-runtime-4.13.0.jar:/Users/pavankanduri/.m2/repository/org/springframework/data/spring-data-jpa/3.4.6/spring-data-jpa-3.4.6.jar:/Users/pavankanduri/.m2/repository/org/springframework/data/spring-data-commons/3.4.6/spring-data-commons-3.4.6.jar:/Users/pavankanduri/.m2/repository/org/springframework/spring-orm/6.2.7/spring-orm-6.2.7.jar:/Users/pavankanduri/.m2/repository/org/springframework/spring-aspects/6.2.7/spring-aspects-6.2.7.jar:/Users/pavankanduri/.m2/repository/org/aspectj/aspectjweaver/1.9.24/aspectjweaver-1.9.24.jar:/Users/pavankanduri/.m2/repository/org/springframework/boot/spring-boot-starter-validation/3.4.6/spring-boot-starter-validation-3.4.6.jar:/Users/pavankanduri/.m2/repository/org/apache/tomcat/embed/tomcat-embed-el/10.1.41/tomcat-embed-el-10.1.41.jar:/Users/pavankanduri/.m2/repository/org/hibernate/validator/hibernate-validator/8.0.2.Final/hibernate-validator-8.0.2.Final.jar:/Users/pavankanduri/.m2/repository/jakarta/validation/jakarta.validation-api/3.0.2/jakarta.validation-api-3.0.2.jar:/Users/pavankanduri/.m2/repository/org/springframework/boot/spring-boot-starter-actuator/3.4.6/spring-boot-starter-actuator-3.4.6.jar:/Users/pavankanduri/.m2/repository/org/springframework/boot/spring-boot-actuator-autoconfigure/3.4.6/spring-boot-actuator-autoconfigure-3.4.6.jar:/Users/pavankanduri/.m2/repository/org/springframework/boot/spring-boot-actuator/3.4.6/spring-boot-actuator-3.4.6.jar:/Users/pavankanduri/.m2/repository/io/micrometer/micrometer-observation/1.14.7/micrometer-observation-1.14.7.jar:/Users/pavankanduri/.m2/repository/io/micrometer/micrometer-commons/1.14.7/micrometer-commons-1.14.7.jar:/Users/pavankanduri/.m2/repository/io/micrometer/micrometer-jakarta9/1.14.7/micrometer-jakarta9-1.14.7.jar:/Users/pavankanduri/.m2/repository/io/micrometer/micrometer-core/1.14.7/micrometer-core-1.14.7.jar:/Users/pavankanduri/.m2/repository/org/hdrhistogram/HdrHistogram/2.2.2/HdrHistogram-2.2.2.jar:/Users/pavankanduri/.m2/repository/org/latencyutils/LatencyUtils/2.0.3/LatencyUtils-2.0.3.jar:/Users/pavankanduri/.m2/repository/org/springframework/boot/spring-boot-starter-security/3.4.6/spring-boot-starter-security-3.4.6.jar:/Users/pavankanduri/.m2/repository/org/springframework/spring-aop/6.2.7/spring-aop-6.2.7.jar:/Users/pavankanduri/.m2/repository/org/springframework/security/spring-security-config/6.4.6/spring-security-config-6.4.6.jar:/Users/pavankanduri/.m2/repository/org/springframework/security/spring-security-web/6.4.6/spring-security-web-6.4.6.jar:/Users/pavankanduri/.m2/repository/org/springframework/ldap/spring-ldap-core/3.2.12/spring-ldap-core-3.2.12.jar:/Users/pavankanduri/.m2/repository/org/springframework/spring-core/6.2.7/spring-core-6.2.7.jar:/Users/pavankanduri/.m2/repository/org/springframework/spring-jcl/6.2.7/spring-jcl-6.2.7.jar:/Users/pavankanduri/.m2/repository/org/springframework/spring-beans/6.2.7/spring-beans-6.2.7.jar:/Users/pavankanduri/.m2/repository/org/springframework/spring-tx/6.2.7/spring-tx-6.2.7.jar:/Users/pavankanduri/.m2/repository/org/slf4j/slf4j-api/2.0.17/slf4j-api-2.0.17.jar:/Users/pavankanduri/.m2/repository/com/h2database/h2/2.3.232/h2-2.3.232.jar:/Users/pavankanduri/.m2/repository/io/jsonwebtoken/jjwt-api/0.12.6/jjwt-api-0.12.6.jar:/Users/pavankanduri/.m2/repository/io/jsonwebtoken/jjwt-impl/0.12.6/jjwt-impl-0.12.6.jar:/Users/pavankanduri/.m2/repository/io/jsonwebtoken/jjwt-jackson/0.12.6/jjwt-jackson-0.12.6.jar:/Users/pavankanduri/.m2/repository/com/fasterxml/jackson/core/jackson-databind/2.18.4/jackson-databind-2.18.4.jar:/Users/pavankanduri/.m2/repository/com/fasterxml/jackson/core/jackson-annotations/2.18.4/jackson-annotations-2.18.4.jar:/Users/pavankanduri/.m2/repository/com/fasterxml/jackson/core/jackson-core/2.18.4/jackson-core-2.18.4.jar:/Users/pavankanduri/.m2/repository/io/github/resilience4j/resilience4j-spring-boot3/2.2.0/resilience4j-spring-boot3-2.2.0.jar:/Users/pavankanduri/.m2/repository/io/github/resilience4j/resilience4j-spring6/2.2.0/resilience4j-spring6-2.2.0.jar:/Users/pavankanduri/.m2/repository/io/github/resilience4j/resilience4j-annotations/2.2.0/resilience4j-annotations-2.2.0.jar:/Users/pavankanduri/.m2/repository/io/github/resilience4j/resilience4j-consumer/2.2.0/resilience4j-consumer-2.2.0.jar:/Users/pavankanduri/.m2/repository/io/github/resilience4j/resilience4j-core/2.2.0/resilience4j-core-2.2.0.jar:/Users/pavankanduri/.m2/repository/io/github/resilience4j/resilience4j-circularbuffer/2.2.0/resilience4j-circularbuffer-2.2.0.jar:/Users/pavankanduri/.m2/repository/io/github/resilience4j/resilience4j-framework-common/2.2.0/resilience4j-framework-common-2.2.0.jar:/Users/pavankanduri/.m2/repository/io/github/resilience4j/resilience4j-micrometer/2.2.0/resilience4j-micrometer-2.2.0.jar:/Users/pavankanduri/.m2/repository/io/github/resilience4j/resilience4j-bulkhead/2.2.0/resilience4j-bulkhead-2.2.0.jar:/Users/pavankanduri/.m2/repository/io/github/resilience4j/resilience4j-circuitbreaker/2.2.0/resilience4j-circuitbreaker-2.2.0.jar:/Users/pavankanduri/.m2/repository/io/github/resilience4j/resilience4j-retry/2.2.0/resilience4j-retry-2.2.0.jar:/Users/pavankanduri/.m2/repository/io/github/resilience4j/resilience4j-ratelimiter/2.2.0/resilience4j-ratelimiter-2.2.0.jar:/Users/pavankanduri/.m2/repository/io/github/resilience4j/resilience4j-timelimiter/2.2.0/resilience4j-timelimiter-2.2.0.jar:/Users/pavankanduri/.m2/repository/org/springdoc/springdoc-openapi-starter-webmvc-ui/2.6.0/springdoc-openapi-starter-webmvc-ui-2.6.0.jar:/Users/pavankanduri/.m2/repository/org/springdoc/springdoc-openapi-starter-webmvc-api/2.6.0/springdoc-openapi-starter-webmvc-api-2.6.0.jar:/Users/pavankanduri/.m2/repository/org/springdoc/springdoc-openapi-starter-common/2.6.0/springdoc-openapi-starter-common-2.6.0.jar:/Users/pavankanduri/.m2/repository/io/swagger/core/v3/swagger-core-jakarta/2.2.22/swagger-core-jakarta-2.2.22.jar:/Users/pavankanduri/.m2/repository/io/swagger/core/v3/swagger-annotations-jakarta/2.2.22/swagger-annotations-jakarta-2.2.22.jar:/Users/pavankanduri/.m2/repository/io/swagger/core/v3/swagger-models-jakarta/2.2.22/swagger-models-jakarta-2.2.22.jar:/Users/pavankanduri/.m2/repository/com/fasterxml/jackson/dataformat/jackson-dataformat-yaml/2.18.4/jackson-dataformat-yaml-2.18.4.jar:/Users/pavankanduri/.m2/repository/org/webjars/swagger-ui/5.17.14/swagger-ui-5.17.14.jar:/Users/pavankanduri/.m2/repository/org/apache/commons/commons-compress/1.27.1/commons-compress-1.27.1.jar:/Users/pavankanduri/.m2/repository/commons-codec/commons-codec/1.17.2/commons-codec-1.17.2.jar:/Users/pavankanduri/.m2/repository/org/apache/commons/commons-lang3/3.17.0/commons-lang3-3.17.0.jar:/Users/pavankanduri/.m2/repository/commons-io/commons-io/2.18.0/commons-io-2.18.0.jar:/Users/pavankanduri/.m2/repository/jakarta/annotation/jakarta.annotation-api/2.1.1/jakarta.annotation-api-2.1.1.jar:/Users/pavankanduri/.m2/repository/org/projectlombok/lombok/1.18.38/lombok-1.18.38.jar:/Users/pavankanduri/.m2/repository/org/springframework/boot/spring-boot-starter-test/3.4.6/spring-boot-starter-test-3.4.6.jar:/Users/pavankanduri/.m2/repository/org/springframework/boot/spring-boot-test/3.4.6/spring-boot-test-3.4.6.jar:/Users/pavankanduri/.m2/repository/org/springframework/boot/spring-boot-test-autoconfigure/3.4.6/spring-boot-test-autoconfigure-3.4.6.jar:/Users/pavankanduri/.m2/repository/com/jayway/jsonpath/json-path/2.9.0/json-path-2.9.0.jar:/Users/pavankanduri/.m2/repository/jakarta/xml/bind/jakarta.xml.bind-api/4.0.2/jakarta.xml.bind-api-4.0.2.jar:/Users/pavankanduri/.m2/repository/jakarta/activation/jakarta.activation-api/2.1.3/jakarta.activation-api-2.1.3.jar:/Users/pavankanduri/.m2/repository/net/minidev/json-smart/2.5.2/json-smart-2.5.2.jar:/Users/pavankanduri/.m2/repository/net/minidev/accessors-smart/2.5.2/accessors-smart-2.5.2.jar:/Users/pavankanduri/.m2/repository/org/ow2/asm/asm/9.7.1/asm-9.7.1.jar:/Users/pavankanduri/.m2/repository/org/assertj/assertj-core/3.26.3/assertj-core-3.26.3.jar:/Users/pavankanduri/.m2/repository/org/awaitility/awaitility/4.2.2/awaitility-4.2.2.jar:/Users/pavankanduri/.m2/repository/org/hamcrest/hamcrest/2.2/hamcrest-2.2.jar:/Users/pavankanduri/.m2/repository/org/junit/jupiter/junit-jupiter/5.11.4/junit-jupiter-5.11.4.jar:/Users/pavankanduri/.m2/repository/org/junit/jupiter/junit-jupiter-api/5.11.4/junit-jupiter-api-5.11.4.jar:/Users/pavankanduri/.m2/repository/org/opentest4j/opentest4j/1.3.0/opentest4j-1.3.0.jar:/Users/pavankanduri/.m2/repository/org/junit/platform/junit-platform-commons/1.11.4/junit-platform-commons-1.11.4.jar:/Users/pavankanduri/.m2/repository/org/apiguardian/apiguardian-api/1.1.2/apiguardian-api-1.1.2.jar:/Users/pavankanduri/.m2/repository/org/junit/jupiter/junit-jupiter-params/5.11.4/junit-jupiter-params-5.11.4.jar:/Users/pavankanduri/.m2/repository/org/junit/jupiter/junit-jupiter-engine/5.11.4/junit-jupiter-engine-5.11.4.jar:/Users/pavankanduri/.m2/repository/org/junit/platform/junit-platform-engine/1.11.4/junit-platform-engine-1.11.4.jar:/Users/pavankanduri/.m2/repository/org/mockito/mockito-core/5.14.2/mockito-core-5.14.2.jar:/Users/pavankanduri/.m2/repository/net/bytebuddy/byte-buddy-agent/1.15.11/byte-buddy-agent-1.15.11.jar:/Users/pavankanduri/.m2/repository/org/objenesis/objenesis/3.3/objenesis-3.3.jar:/Users/pavankanduri/.m2/repository/org/mockito/mockito-junit-jupiter/5.14.2/mockito-junit-jupiter-5.14.2.jar:/Users/pavankanduri/.m2/repository/org/skyscreamer/jsonassert/1.5.3/jsonassert-1.5.3.jar:/Users/pavankanduri/.m2/repository/com/vaadin/external/google/android-json/0.0.20131108.vaadin1/android-json-0.0.20131108.vaadin1.jar:/Users/pavankanduri/.m2/repository/org/springframework/spring-test/6.2.7/spring-test-6.2.7.jar:/Users/pavankanduri/.m2/repository/org/xmlunit/xmlunit-core/2.10.1/xmlunit-core-2.10.1.jar:/Users/pavankanduri/.m2/repository/org/springframework/security/spring-security-test/6.4.6/spring-security-test-6.4.6.jar:/Users/pavankanduri/.m2/repository/org/springframework/security/spring-security-core/6.4.6/spring-security-core-6.4.6.jar:/Users/pavankanduri/.m2/repository/org/springframework/security/spring-security-crypto/6.4.6/spring-security-crypto-6.4.6.jar:/Users/pavankanduri/.m2/repository/org/testcontainers/junit-jupiter/1.20.6/junit-jupiter-1.20.6.jar:/Users/pavankanduri/.m2/repository/org/testcontainers/testcontainers/1.20.6/testcontainers-1.20.6.jar:/Users/pavankanduri/.m2/repository/junit/junit/4.13.2/junit-4.13.2.jar:/Users/pavankanduri/.m2/repository/org/hamcrest/hamcrest-core/2.2/hamcrest-core-2.2.jar:/Users/pavankanduri/.m2/repository/org/rnorth/duct-tape/duct-tape/1.0.8/duct-tape-1.0.8.jar:/Users/pavankanduri/.m2/repository/org/jetbrains/annotations/17.0.0/annotations-17.0.0.jar:/Users/pavankanduri/.m2/repository/com/github/docker-java/docker-java-api/3.4.1/docker-java-api-3.4.1.jar:/Users/pavankanduri/.m2/repository/com/github/docker-java/docker-java-transport-zerodep/3.4.1/docker-java-transport-zerodep-3.4.1.jar:/Users/pavankanduri/.m2/repository/com/github/docker-java/docker-java-transport/3.4.1/docker-java-transport-3.4.1.jar:/Users/pavankanduri/.m2/repository/net/java/dev/jna/jna/5.13.0/jna-5.13.0.jar:/Users/pavankanduri/.m2/repository/org/wiremock/wiremock-standalone/3.0.1/wiremock-standalone-3.0.1.jar:"/>
    <property name="sun.cpu.endian" value="little"/>
    <property name="user.home" value="/Users/pavankanduri"/>
    <property name="user.language" value="en"/>
    <property name="java.specification.vendor" value="Oracle Corporation"/>
    <property name="java.version.date" value="2025-01-21"/>
    <property name="java.home" value="/opt/homebrew/Cellar/openjdk@17/17.0.14/libexec/openjdk.jdk/Contents/Home"/>
    <property name="file.separator" value="/"/>
    <property name="basedir" value="/Users/pavankanduri/claude-ws/fabric-platform-new/database-script-watcher"/>
    <property name="java.vm.compressedOopsMode" value="Zero based"/>
    <property name="line.separator" value="&#10;"/>
    <property name="java.vm.specification.vendor" value="Oracle Corporation"/>
    <property name="java.specification.name" value="Java Platform API Specification"/>
    <property name="surefire.real.class.path" value="/Users/pavankanduri/claude-ws/fabric-platform-new/database-script-watcher/target/surefire/surefirebooter-20250817104731331_3.jar"/>
    <property name="sun.management.compiler" value="HotSpot 64-Bit Tiered Compilers"/>
    <property name="ftp.nonProxyHosts" value="local|*.local|169.254/16|*.169.254/16"/>
    <property name="java.runtime.version" value="17.0.14+0"/>
    <property name="user.name" value="pavankanduri"/>
    <property name="path.separator" value=":"/>
    <property name="os.version" value="15.5"/>
    <property name="java.runtime.name" value="OpenJDK Runtime Environment"/>
    <property name="file.encoding" value="UTF-8"/>
    <property name="java.vm.name" value="OpenJDK 64-Bit Server VM"/>
    <property name="java.vendor.version" value="Homebrew"/>
    <property name="localRepository" value="/Users/pavankanduri/.m2/repository"/>
    <property name="java.vendor.url.bug" value="https://github.com/Homebrew/homebrew-core/issues"/>
    <property name="java.io.tmpdir" value="/var/folders/cl/hjtgkgvx14ldvdqkbtv8sjqm0000gn/T/"/>
    <property name="java.version" value="17.0.14"/>
    <property name="user.dir" value="/Users/pavankanduri/claude-ws/fabric-platform-new/database-script-watcher"/>
    <property name="os.arch" value="aarch64"/>
    <property name="java.vm.specification.name" value="Java Virtual Machine Specification"/>
    <property name="native.encoding" value="UTF-8"/>
    <property name="java.library.path" value="/Users/pavankanduri/Library/Java/Extensions:/Library/Java/Extensions:/Network/Library/Java/Extensions:/System/Library/Java/Extensions:/usr/lib/java:."/>
    <property name="java.vm.info" value="mixed mode, sharing"/>
    <property name="java.vendor" value="Homebrew"/>
    <property name="java.vm.version" value="17.0.14+0"/>
    <property name="java.specification.maintenance.version" value="1"/>
    <property name="sun.io.unicode.encoding" value="UnicodeBig"/>
    <property name="socksNonProxyHosts" value="local|*.local|169.254/16|*.169.254/16"/>
    <property name="java.class.version" value="61.0"/>
  </properties>
  <testcase name="testRateLimitingEdgeCases" classname="com.fabric.watcher.archive.security.RateLimitingSecurityTest" time="0.004">
    <system-out><![CDATA[10:47:32.940 [main] INFO com.fabric.watcher.archive.service.AuthenticationRateLimitService -- Authentication rate limiting initialized: 3 max attempts, 15min lockout
10:47:32.942 [main] WARN com.fabric.watcher.archive.service.AuthenticationRateLimitService -- User aaaaaaaaaaaaaaaaaaaaaaaaaaaaaaaaaaaaaaaaaaaaaaaaaaaaaaaaaaaaaaaaaaaaaaaaaaaaaaaaaaaaaaaaaaaaaaaaaaaaaaaaaaaaaaaaaaaaaaaaaaaaaaaaaaaaaaaaaaaaaaaaaaaaaaaaaaaaaaaaaaaaaaaaaaaaaaaaaaaaaaaaaaaaaaaaaaaaaaaaaaaaaaaaaaaaaaaaaaaaaaaaaaaaaaaaaaaaaaaaaaaaaaaaaaaaaaaaaaaaaaaaaaaaaaaaaaaaaaaaaaaaaaaaaaaaaaaaaaaaaaaaaaaaaaaaaaaaaaaaaaaaaaaaaaaaaaaaaaaaaaaaaaaaaaaaaaaaaaaaaaaaaaaaaaaaaaaaaaaaaaaaaaaaaaaaaaaaaaaaaaaaaaaaaaaaaaaaaaaaaaaaaaaaaaaaaaaaaaaaaaaaaaaaaaaaaaaaaaaaaaaaaaaaaaaaaaaaaaaaaaaaaaaaaaaaaaaaaaaaaaaaaaaaaaaaaaaaaaaaaaaaaaaaaaaaaaaaaaaaaaaaaaaaaaaaaaaaaaaaaaaaaaaaaaaaaaaaaaaaaaaaaaaaaaaaaaaaaaaaaaaaaaaaaaaaaaaaaaaaaaaaaaaaaaaaaaaaaaaaaaaaaaaaaaaaaaaaaaaaaaaaaaaaaaaaaaaaaaaaaaaaaaaaaaaaaaaaaaaaaaaaaaaaaaaaaaaaaaaaaaaaaaaaaaaaaaaaaaaaaaaaaaaaaaaaaaaaaaaaaaaaaaaaaaaaaaaaaaaaaaaaaaaaaaaaaaaaaaaaaaaaaaaaaaaaaaaaaaaaaaaaaaaaaaaaaaaaaaaaaaaaaaaaaaaaaaaaaaaaaaaaaaaaaaaaaaaaaaaaaaaaaaaaaaaaaaaaaaaaaaaaaaaaaaaaaaaaaaaaaaaaaaaaaaaaaaaaaaaaaaaaaaaaaaaaaaaaaaaaaaaaaaaaaaaaaaaaaaaaaaaaaaaaaaaaaaaaaaaa from IP 192.168.1.2 is now locked out after 3 failed attempts
10:47:32.942 [main] WARN com.fabric.watcher.archive.service.AuthenticationRateLimitService -- User aaaaaaaaaaaaaaaaaaaaaaaaaaaaaaaaaaaaaaaaaaaaaaaaaaaaaaaaaaaaaaaaaaaaaaaaaaaaaaaaaaaaaaaaaaaaaaaaaaaaaaaaaaaaaaaaaaaaaaaaaaaaaaaaaaaaaaaaaaaaaaaaaaaaaaaaaaaaaaaaaaaaaaaaaaaaaaaaaaaaaaaaaaaaaaaaaaaaaaaaaaaaaaaaaaaaaaaaaaaaaaaaaaaaaaaaaaaaaaaaaaaaaaaaaaaaaaaaaaaaaaaaaaaaaaaaaaaaaaaaaaaaaaaaaaaaaaaaaaaaaaaaaaaaaaaaaaaaaaaaaaaaaaaaaaaaaaaaaaaaaaaaaaaaaaaaaaaaaaaaaaaaaaaaaaaaaaaaaaaaaaaaaaaaaaaaaaaaaaaaaaaaaaaaaaaaaaaaaaaaaaaaaaaaaaaaaaaaaaaaaaaaaaaaaaaaaaaaaaaaaaaaaaaaaaaaaaaaaaaaaaaaaaaaaaaaaaaaaaaaaaaaaaaaaaaaaaaaaaaaaaaaaaaaaaaaaaaaaaaaaaaaaaaaaaaaaaaaaaaaaaaaaaaaaaaaaaaaaaaaaaaaaaaaaaaaaaaaaaaaaaaaaaaaaaaaaaaaaaaaaaaaaaaaaaaaaaaaaaaaaaaaaaaaaaaaaaaaaaaaaaaaaaaaaaaaaaaaaaaaaaaaaaaaaaaaaaaaaaaaaaaaaaaaaaaaaaaaaaaaaaaaaaaaaaaaaaaaaaaaaaaaaaaaaaaaaaaaaaaaaaaaaaaaaaaaaaaaaaaaaaaaaaaaaaaaaaaaaaaaaaaaaaaaaaaaaaaaaaaaaaaaaaaaaaaaaaaaaaaaaaaaaaaaaaaaaaaaaaaaaaaaaaaaaaaaaaaaaaaaaaaaaaaaaaaaaaaaaaaaaaaaaaaaaaaaaaaaaaaaaaaaaaaaaaaaaaaaaaaaaaaaaaaaaaaaaaaaaaaaaaaaaaaaaaaaaaaaaaaaaaaaaaaaaaaaaaaaaaaa from IP 192.168.1.2 is now locked out after 3 failed attempts
10:47:32.942 [main] WARN com.fabric.watcher.archive.service.AuthenticationRateLimitService -- User aaaaaaaaaaaaaaaaaaaaaaaaaaaaaaaaaaaaaaaaaaaaaaaaaaaaaaaaaaaaaaaaaaaaaaaaaaaaaaaaaaaaaaaaaaaaaaaaaaaaaaaaaaaaaaaaaaaaaaaaaaaaaaaaaaaaaaaaaaaaaaaaaaaaaaaaaaaaaaaaaaaaaaaaaaaaaaaaaaaaaaaaaaaaaaaaaaaaaaaaaaaaaaaaaaaaaaaaaaaaaaaaaaaaaaaaaaaaaaaaaaaaaaaaaaaaaaaaaaaaaaaaaaaaaaaaaaaaaaaaaaaaaaaaaaaaaaaaaaaaaaaaaaaaaaaaaaaaaaaaaaaaaaaaaaaaaaaaaaaaaaaaaaaaaaaaaaaaaaaaaaaaaaaaaaaaaaaaaaaaaaaaaaaaaaaaaaaaaaaaaaaaaaaaaaaaaaaaaaaaaaaaaaaaaaaaaaaaaaaaaaaaaaaaaaaaaaaaaaaaaaaaaaaaaaaaaaaaaaaaaaaaaaaaaaaaaaaaaaaaaaaaaaaaaaaaaaaaaaaaaaaaaaaaaaaaaaaaaaaaaaaaaaaaaaaaaaaaaaaaaaaaaaaaaaaaaaaaaaaaaaaaaaaaaaaaaaaaaaaaaaaaaaaaaaaaaaaaaaaaaaaaaaaaaaaaaaaaaaaaaaaaaaaaaaaaaaaaaaaaaaaaaaaaaaaaaaaaaaaaaaaaaaaaaaaaaaaaaaaaaaaaaaaaaaaaaaaaaaaaaaaaaaaaaaaaaaaaaaaaaaaaaaaaaaaaaaaaaaaaaaaaaaaaaaaaaaaaaaaaaaaaaaaaaaaaaaaaaaaaaaaaaaaaaaaaaaaaaaaaaaaaaaaaaaaaaaaaaaaaaaaaaaaaaaaaaaaaaaaaaaaaaaaaaaaaaaaaaaaaaaaaaaaaaaaaaaaaaaaaaaaaaaaaaaaaaaaaaaaaaaaaaaaaaaaaaaaaaaaaaaaaaaaaaaaaaaaaaaaaaaaaaaaaaaaaaaaaaaaaaaaaaaaaaaaaaaaaaaaa from IP 192.168.1.2 is now locked out after 3 failed attempts
10:47:32.942 [main] WARN com.fabric.watcher.archive.service.AuthenticationRateLimitService -- User user@domain.com from IP 192.168.1.2 is now locked out after 3 failed attempts
10:47:32.942 [main] WARN com.fabric.watcher.archive.service.AuthenticationRateLimitService -- User user.name from IP 192.168.1.2 is now locked out after 3 failed attempts
10:47:32.942 [main] WARN com.fabric.watcher.archive.service.AuthenticationRateLimitService -- User user-name from IP 192.168.1.2 is now locked out after 3 failed attempts
10:47:32.942 [main] WARN com.fabric.watcher.archive.service.AuthenticationRateLimitService -- User user_name from IP 192.168.1.2 is now locked out after 3 failed attempts
10:47:32.942 [main] WARN com.fabric.watcher.archive.service.AuthenticationRateLimitService -- User user+tag from IP 192.168.1.2 is now locked out after 3 failed attempts
10:47:32.942 [main] WARN com.fabric.watcher.archive.service.AuthenticationRateLimitService -- User user with spaces from IP 192.168.1.2 is now locked out after 3 failed attempts
10:47:32.942 [main] WARN com.fabric.watcher.archive.service.AuthenticationRateLimitService -- User 用户名 from IP 192.168.1.2 is now locked out after 3 failed attempts
10:47:32.942 [main] WARN com.fabric.watcher.archive.service.AuthenticationRateLimitService -- User user&amp#0;control from IP 192.168.1.2 is now locked out after 3 failed attempts
10:47:32.943 [main] WARN com.fabric.watcher.archive.service.AuthenticationRateLimitService -- User '; DROP TABLE users; -- from IP 192.168.1.2 is now locked out after 3 failed attempts
10:47:32.943 [main] WARN com.fabric.watcher.archive.service.AuthenticationRateLimitService -- User user)(|(password=*) from IP 192.168.1.2 is now locked out after 3 failed attempts
10:47:32.943 [main] WARN com.fabric.watcher.archive.service.AuthenticationRateLimitService -- User ipv6user from IP 2001:0db8:85a3:0000:0000:8a2e:0370:7334 is now locked out after 3 failed attempts
10:47:32.943 [main] WARN com.fabric.watcher.archive.service.AuthenticationRateLimitService -- User ipv6user from IP 2001:db8:85a3::8a2e:370:7334 is now locked out after 3 failed attempts
10:47:32.943 [main] WARN com.fabric.watcher.archive.service.AuthenticationRateLimitService -- User ipv6user from IP ::1 is now locked out after 3 failed attempts
10:47:32.943 [main] WARN com.fabric.watcher.archive.service.AuthenticationRateLimitService -- User ipv6user from IP fe80::1%lo0 is now locked out after 3 failed attempts
]]></system-out>
  </testcase>
  <testcase name="testRateLimitingTimeBasedScenarios" classname="com.fabric.watcher.archive.security.RateLimitingSecurityTest" time="0.107">
    <system-out><![CDATA[10:47:32.945 [main] INFO com.fabric.watcher.archive.service.AuthenticationRateLimitService -- Authentication rate limiting initialized: 3 max attempts, 15min lockout
10:47:32.945 [main] WARN com.fabric.watcher.archive.service.AuthenticationRateLimitService -- User timeuser from IP 192.168.4.1 is now locked out after 3 failed attempts
]]></system-out>
  </testcase>
  <testcase name="testRateLimitingConfiguration" classname="com.fabric.watcher.archive.security.RateLimitingSecurityTest" time="0.004">
    <failure message="expected: &lt;true&gt; but was: &lt;false&gt;" type="org.opentest4j.AssertionFailedError"><![CDATA[org.opentest4j.AssertionFailedError: expected: <true> but was: <false>
	at org.junit.jupiter.api.AssertionFailureBuilder.build(AssertionFailureBuilder.java:151)
	at org.junit.jupiter.api.AssertionFailureBuilder.buildAndThrow(AssertionFailureBuilder.java:132)
	at org.junit.jupiter.api.AssertTrue.failNotTrue(AssertTrue.java:63)
	at org.junit.jupiter.api.AssertTrue.assertTrue(AssertTrue.java:36)
	at org.junit.jupiter.api.AssertTrue.assertTrue(AssertTrue.java:31)
	at org.junit.jupiter.api.Assertions.assertTrue(Assertions.java:183)
	at com.fabric.watcher.archive.security.RateLimitingSecurityTest.testRateLimitingConfiguration(RateLimitingSecurityTest.java:329)
	at java.base/java.lang.reflect.Method.invoke(Method.java:569)
	at java.base/java.util.ArrayList.forEach(ArrayList.java:1511)
	at java.base/java.util.ArrayList.forEach(ArrayList.java:1511)
]]></failure>
    <system-out><![CDATA[10:47:33.052 [main] INFO com.fabric.watcher.archive.service.AuthenticationRateLimitService -- Authentication rate limiting initialized: 3 max attempts, 15min lockout
10:47:33.052 [main] INFO com.fabric.watcher.archive.service.AuthenticationRateLimitService -- Authentication rate limiting initialized: 1 max attempts, 5min lockout
10:47:33.052 [main] WARN com.fabric.watcher.archive.service.AuthenticationRateLimitService -- User strictuser from IP 192.168.1.10 is now locked out after 1 failed attempts
10:47:33.053 [main] INFO com.fabric.watcher.archive.service.AuthenticationRateLimitService -- Authentication rate limiting initialized: 100 max attempts, 1min lockout
10:47:33.053 [main] WARN com.fabric.watcher.archive.service.AuthenticationRateLimitService -- User lenientuser from IP 192.168.1.11 is now locked out after 100 failed attempts
10:47:33.054 [main] INFO com.fabric.watcher.archive.service.AuthenticationRateLimitService -- Authentication rate limiting initialized: 3 max attempts, 0min lockout
]]></system-out>
  </testcase>
  <testcase name="testRateLimitingAttackPatterns" classname="com.fabric.watcher.archive.security.RateLimitingSecurityTest" time="0.002">
    <system-out><![CDATA[10:47:33.056 [main] INFO com.fabric.watcher.archive.service.AuthenticationRateLimitService -- Authentication rate limiting initialized: 3 max attempts, 15min lockout
10:47:33.056 [main] WARN com.fabric.watcher.archive.service.AuthenticationRateLimitService -- User targetuser from IP 10.0.0.1 is now locked out after 3 failed attempts
10:47:33.056 [main] WARN com.fabric.watcher.archive.service.AuthenticationRateLimitService -- User targetuser from IP 10.0.0.1 is now locked out after 3 failed attempts
10:47:33.056 [main] WARN com.fabric.watcher.archive.service.AuthenticationRateLimitService -- User targetuser from IP 10.0.0.2 is now locked out after 3 failed attempts
10:47:33.056 [main] WARN com.fabric.watcher.archive.service.AuthenticationRateLimitService -- User targetuser from IP 10.0.0.3 is now locked out after 3 failed attempts
10:47:33.056 [main] WARN com.fabric.watcher.archive.service.AuthenticationRateLimitService -- User targetuser from IP 10.0.0.4 is now locked out after 3 failed attempts
10:47:33.056 [main] WARN com.fabric.watcher.archive.service.AuthenticationRateLimitService -- User targetuser from IP 10.0.0.5 is now locked out after 3 failed attempts
10:47:33.056 [main] WARN com.fabric.watcher.archive.service.AuthenticationRateLimitService -- User user1 from IP 192.168.1.100 is now locked out after 3 failed attempts
10:47:33.057 [main] WARN com.fabric.watcher.archive.service.AuthenticationRateLimitService -- User user2 from IP 192.168.1.100 is now locked out after 3 failed attempts
10:47:33.057 [main] WARN com.fabric.watcher.archive.service.AuthenticationRateLimitService -- User user3 from IP 192.168.1.100 is now locked out after 3 failed attempts
10:47:33.057 [main] WARN com.fabric.watcher.archive.service.AuthenticationRateLimitService -- User user4 from IP 192.168.1.100 is now locked out after 3 failed attempts
]]></system-out>
  </testcase>
  <testcase name="testRateLimitingBypassPrevention" classname="com.fabric.watcher.archive.security.RateLimitingSecurityTest" time="0.002">
    <system-out><![CDATA[10:47:33.058 [main] INFO com.fabric.watcher.archive.service.AuthenticationRateLimitService -- Authentication rate limiting initialized: 3 max attempts, 15min lockout
10:47:33.058 [main] WARN com.fabric.watcher.archive.service.AuthenticationRateLimitService -- User bypassuser from IP 192.168.1.1 is now locked out after 3 failed attempts
10:47:33.058 [main] WARN com.fabric.watcher.archive.service.AuthenticationRateLimitService -- User bypassuser from IP 192.168.1.01 is now locked out after 3 failed attempts
10:47:33.058 [main] WARN com.fabric.watcher.archive.service.AuthenticationRateLimitService -- User bypassuser from IP 192.168.1.001 is now locked out after 3 failed attempts
10:47:33.058 [main] WARN com.fabric.watcher.archive.service.AuthenticationRateLimitService -- User bypassuser from IP 192.168.001.1 is now locked out after 3 failed attempts
10:47:33.058 [main] WARN com.fabric.watcher.archive.service.AuthenticationRateLimitService -- User rapiduser from IP 172.16.0.1 is now locked out after 3 failed attempts
10:47:33.058 [main] WARN com.fabric.watcher.archive.service.AuthenticationRateLimitService -- User rapiduser from IP 172.16.0.1 is now locked out after 3 failed attempts
10:47:33.058 [main] WARN com.fabric.watcher.archive.service.AuthenticationRateLimitService -- User rapiduser from IP 172.16.0.1 is now locked out after 3 failed attempts
10:47:33.058 [main] WARN com.fabric.watcher.archive.service.AuthenticationRateLimitService -- User rapiduser from IP 172.16.0.1 is now locked out after 3 failed attempts
10:47:33.058 [main] WARN com.fabric.watcher.archive.service.AuthenticationRateLimitService -- User rapiduser from IP 172.16.0.1 is now locked out after 3 failed attempts
10:47:33.058 [main] WARN com.fabric.watcher.archive.service.AuthenticationRateLimitService -- User rapiduser from IP 172.16.0.1 is now locked out after 3 failed attempts
10:47:33.058 [main] WARN com.fabric.watcher.archive.service.AuthenticationRateLimitService -- User rapiduser from IP 172.16.0.1 is now locked out after 3 failed attempts
10:47:33.058 [main] WARN com.fabric.watcher.archive.service.AuthenticationRateLimitService -- User rapiduser from IP 172.16.0.1 is now locked out after 3 failed attempts
10:47:33.058 [main] WARN com.fabric.watcher.archive.service.AuthenticationRateLimitService -- User alternateuser1 from IP 203.0.113.1 is now locked out after 3 failed attempts
10:47:33.058 [main] WARN com.fabric.watcher.archive.service.AuthenticationRateLimitService -- User alternateuser2 from IP 203.0.113.1 is now locked out after 3 failed attempts
10:47:33.058 [main] WARN com.fabric.watcher.archive.service.AuthenticationRateLimitService -- User alternateuser1 from IP 203.0.113.1 is now locked out after 3 failed attempts
10:47:33.058 [main] WARN com.fabric.watcher.archive.service.AuthenticationRateLimitService -- User alternateuser2 from IP 203.0.113.1 is now locked out after 3 failed attempts
10:47:33.058 [main] WARN com.fabric.watcher.archive.service.AuthenticationRateLimitService -- User alternateuser1 from IP 203.0.113.1 is now locked out after 3 failed attempts
10:47:33.058 [main] WARN com.fabric.watcher.archive.service.AuthenticationRateLimitService -- User alternateuser2 from IP 203.0.113.1 is now locked out after 3 failed attempts
]]></system-out>
  </testcase>
  <testcase name="testConcurrentRateLimitingAttacks" classname="com.fabric.watcher.archive.security.RateLimitingSecurityTest" time="0.07">
    <system-out><![CDATA[10:47:33.060 [main] INFO com.fabric.watcher.archive.service.AuthenticationRateLimitService -- Authentication rate limiting initialized: 3 max attempts, 15min lockout
10:47:33.066 [pool-2-thread-4] WARN com.fabric.watcher.archive.service.AuthenticationRateLimitService -- User concurrentuser from IP 10.0.0.10 is now locked out after 3 failed attempts
10:47:33.066 [pool-2-thread-6] WARN com.fabric.watcher.archive.service.AuthenticationRateLimitService -- User concurrentuser from IP 10.0.0.10 is now locked out after 3 failed attempts
10:47:33.066 [pool-2-thread-5] WARN com.fabric.watcher.archive.service.AuthenticationRateLimitService -- User concurrentuser from IP 10.0.0.10 is now locked out after 3 failed attempts
10:47:33.065 [pool-2-thread-3] WARN com.fabric.watcher.archive.service.AuthenticationRateLimitService -- User concurrentuser from IP 10.0.0.10 is now locked out after 3 failed attempts
10:47:33.066 [pool-2-thread-7] WARN com.fabric.watcher.archive.service.AuthenticationRateLimitService -- User concurrentuser from IP 10.0.0.10 is now locked out after 3 failed attempts
10:47:33.066 [pool-2-thread-8] WARN com.fabric.watcher.archive.service.AuthenticationRateLimitService -- User concurrentuser from IP 10.0.0.10 is now locked out after 3 failed attempts
10:47:33.066 [pool-2-thread-10] WARN com.fabric.watcher.archive.service.AuthenticationRateLimitService -- User concurrentuser from IP 10.0.0.10 is now locked out after 3 failed attempts
10:47:33.066 [pool-2-thread-9] WARN com.fabric.watcher.archive.service.AuthenticationRateLimitService -- User concurrentuser from IP 10.0.0.10 is now locked out after 3 failed attempts
10:47:33.066 [pool-2-thread-11] WARN com.fabric.watcher.archive.service.AuthenticationRateLimitService -- User concurrentuser from IP 10.0.0.10 is now locked out after 3 failed attempts
10:47:33.066 [pool-2-thread-12] WARN com.fabric.watcher.archive.service.AuthenticationRateLimitService -- User concurrentuser from IP 10.0.0.10 is now locked out after 3 failed attempts
10:47:33.066 [pool-2-thread-13] WARN com.fabric.watcher.archive.service.AuthenticationRateLimitService -- User concurrentuser from IP 10.0.0.10 is now locked out after 3 failed attempts
10:47:33.066 [pool-2-thread-15] WARN com.fabric.watcher.archive.service.AuthenticationRateLimitService -- User concurrentuser from IP 10.0.0.10 is now locked out after 3 failed attempts
10:47:33.066 [pool-2-thread-14] WARN com.fabric.watcher.archive.service.AuthenticationRateLimitService -- User concurrentuser from IP 10.0.0.10 is now locked out after 3 failed attempts
10:47:33.066 [pool-2-thread-17] WARN com.fabric.watcher.archive.service.AuthenticationRateLimitService -- User concurrentuser from IP 10.0.0.10 is now locked out after 3 failed attempts
10:47:33.066 [pool-2-thread-16] WARN com.fabric.watcher.archive.service.AuthenticationRateLimitService -- User concurrentuser from IP 10.0.0.10 is now locked out after 3 failed attempts
10:47:33.066 [pool-2-thread-18] WARN com.fabric.watcher.archive.service.AuthenticationRateLimitService -- User concurrentuser from IP 10.0.0.10 is now locked out after 3 failed attempts
10:47:33.066 [pool-2-thread-19] WARN com.fabric.watcher.archive.service.AuthenticationRateLimitService -- User concurrentuser from IP 10.0.0.10 is now locked out after 3 failed attempts
10:47:33.067 [pool-2-thread-20] WARN com.fabric.watcher.archive.service.AuthenticationRateLimitService -- User concurrentuser from IP 10.0.0.10 is now locked out after 3 failed attempts
10:47:33.078 [pool-2-thread-1] WARN com.fabric.watcher.archive.service.AuthenticationRateLimitService -- User concurrentuser from IP 10.0.0.10 is now locked out after 3 failed attempts
10:47:33.078 [pool-2-thread-17] WARN com.fabric.watcher.archive.service.AuthenticationRateLimitService -- User concurrentuser from IP 10.0.0.10 is now locked out after 3 failed attempts
10:47:33.078 [pool-2-thread-4] WARN com.fabric.watcher.archive.service.AuthenticationRateLimitService -- User concurrentuser from IP 10.0.0.10 is now locked out after 3 failed attempts
10:47:33.078 [pool-2-thread-10] WARN com.fabric.watcher.archive.service.AuthenticationRateLimitService -- User concurrentuser from IP 10.0.0.10 is now locked out after 3 failed attempts
10:47:33.078 [pool-2-thread-6] WARN com.fabric.watcher.archive.service.AuthenticationRateLimitService -- User concurrentuser from IP 10.0.0.10 is now locked out after 3 failed attempts
10:47:33.078 [pool-2-thread-9] WARN com.fabric.watcher.archive.service.AuthenticationRateLimitService -- User concurrentuser from IP 10.0.0.10 is now locked out after 3 failed attempts
10:47:33.078 [pool-2-thread-3] WARN com.fabric.watcher.archive.service.AuthenticationRateLimitService -- User concurrentuser from IP 10.0.0.10 is now locked out after 3 failed attempts
10:47:33.078 [pool-2-thread-11] WARN com.fabric.watcher.archive.service.AuthenticationRateLimitService -- User concurrentuser from IP 10.0.0.10 is now locked out after 3 failed attempts
10:47:33.078 [pool-2-thread-14] WARN com.fabric.watcher.archive.service.AuthenticationRateLimitService -- User concurrentuser from IP 10.0.0.10 is now locked out after 3 failed attempts
10:47:33.078 [pool-2-thread-15] WARN com.fabric.watcher.archive.service.AuthenticationRateLimitService -- User concurrentuser from IP 10.0.0.10 is now locked out after 3 failed attempts
10:47:33.078 [pool-2-thread-12] WARN com.fabric.watcher.archive.service.AuthenticationRateLimitService -- User concurrentuser from IP 10.0.0.10 is now locked out after 3 failed attempts
10:47:33.078 [pool-2-thread-8] WARN com.fabric.watcher.archive.service.AuthenticationRateLimitService -- User concurrentuser from IP 10.0.0.10 is now locked out after 3 failed attempts
10:47:33.078 [pool-2-thread-16] WARN com.fabric.watcher.archive.service.AuthenticationRateLimitService -- User concurrentuser from IP 10.0.0.10 is now locked out after 3 failed attempts
10:47:33.078 [pool-2-thread-2] WARN com.fabric.watcher.archive.service.AuthenticationRateLimitService -- User concurrentuser from IP 10.0.0.10 is now locked out after 3 failed attempts
10:47:33.078 [pool-2-thread-20] WARN com.fabric.watcher.archive.service.AuthenticationRateLimitService -- User concurrentuser from IP 10.0.0.10 is now locked out after 3 failed attempts
10:47:33.078 [pool-2-thread-7] WARN com.fabric.watcher.archive.service.AuthenticationRateLimitService -- User concurrentuser from IP 10.0.0.10 is now locked out after 3 failed attempts
10:47:33.078 [pool-2-thread-19] WARN com.fabric.watcher.archive.service.AuthenticationRateLimitService -- User concurrentuser from IP 10.0.0.10 is now locked out after 3 failed attempts
10:47:33.078 [pool-2-thread-5] WARN com.fabric.watcher.archive.service.AuthenticationRateLimitService -- User concurrentuser from IP 10.0.0.10 is now locked out after 3 failed attempts
10:47:33.078 [pool-2-thread-13] WARN com.fabric.watcher.archive.service.AuthenticationRateLimitService -- User concurrentuser from IP 10.0.0.10 is now locked out after 3 failed attempts
10:47:33.079 [pool-2-thread-18] WARN com.fabric.watcher.archive.service.AuthenticationRateLimitService -- User concurrentuser from IP 10.0.0.10 is now locked out after 3 failed attempts
10:47:33.090 [pool-2-thread-15] WARN com.fabric.watcher.archive.service.AuthenticationRateLimitService -- User concurrentuser from IP 10.0.0.10 is now locked out after 3 failed attempts
10:47:33.090 [pool-2-thread-11] WARN com.fabric.watcher.archive.service.AuthenticationRateLimitService -- User concurrentuser from IP 10.0.0.10 is now locked out after 3 failed attempts
10:47:33.090 [pool-2-thread-6] WARN com.fabric.watcher.archive.service.AuthenticationRateLimitService -- User concurrentuser from IP 10.0.0.10 is now locked out after 3 failed attempts
10:47:33.090 [pool-2-thread-9] WARN com.fabric.watcher.archive.service.AuthenticationRateLimitService -- User concurrentuser from IP 10.0.0.10 is now locked out after 3 failed attempts
10:47:33.090 [pool-2-thread-8] WARN com.fabric.watcher.archive.service.AuthenticationRateLimitService -- User concurrentuser from IP 10.0.0.10 is now locked out after 3 failed attempts
10:47:33.090 [pool-2-thread-4] WARN com.fabric.watcher.archive.service.AuthenticationRateLimitService -- User concurrentuser from IP 10.0.0.10 is now locked out after 3 failed attempts
10:47:33.090 [pool-2-thread-10] WARN com.fabric.watcher.archive.service.AuthenticationRateLimitService -- User concurrentuser from IP 10.0.0.10 is now locked out after 3 failed attempts
10:47:33.090 [pool-2-thread-12] WARN com.fabric.watcher.archive.service.AuthenticationRateLimitService -- User concurrentuser from IP 10.0.0.10 is now locked out after 3 failed attempts
10:47:33.090 [pool-2-thread-16] WARN com.fabric.watcher.archive.service.AuthenticationRateLimitService -- User concurrentuser from IP 10.0.0.10 is now locked out after 3 failed attempts
10:47:33.090 [pool-2-thread-14] WARN com.fabric.watcher.archive.service.AuthenticationRateLimitService -- User concurrentuser from IP 10.0.0.10 is now locked out after 3 failed attempts
10:47:33.090 [pool-2-thread-3] WARN com.fabric.watcher.archive.service.AuthenticationRateLimitService -- User concurrentuser from IP 10.0.0.10 is now locked out after 3 failed attempts
10:47:33.090 [pool-2-thread-1] WARN com.fabric.watcher.archive.service.AuthenticationRateLimitService -- User concurrentuser from IP 10.0.0.10 is now locked out after 3 failed attempts
10:47:33.091 [pool-2-thread-5] WARN com.fabric.watcher.archive.service.AuthenticationRateLimitService -- User concurrentuser from IP 10.0.0.10 is now locked out after 3 failed attempts
10:47:33.091 [pool-2-thread-7] WARN com.fabric.watcher.archive.service.AuthenticationRateLimitService -- User concurrentuser from IP 10.0.0.10 is now locked out after 3 failed attempts
10:47:33.091 [pool-2-thread-17] WARN com.fabric.watcher.archive.service.AuthenticationRateLimitService -- User concurrentuser from IP 10.0.0.10 is now locked out after 3 failed attempts
10:47:33.091 [pool-2-thread-2] WARN com.fabric.watcher.archive.service.AuthenticationRateLimitService -- User concurrentuser from IP 10.0.0.10 is now locked out after 3 failed attempts
10:47:33.091 [pool-2-thread-13] WARN com.fabric.watcher.archive.service.AuthenticationRateLimitService -- User concurrentuser from IP 10.0.0.10 is now locked out after 3 failed attempts
10:47:33.091 [pool-2-thread-18] WARN com.fabric.watcher.archive.service.AuthenticationRateLimitService -- User concurrentuser from IP 10.0.0.10 is now locked out after 3 failed attempts
10:47:33.091 [pool-2-thread-20] WARN com.fabric.watcher.archive.service.AuthenticationRateLimitService -- User concurrentuser from IP 10.0.0.10 is now locked out after 3 failed attempts
10:47:33.091 [pool-2-thread-19] WARN com.fabric.watcher.archive.service.AuthenticationRateLimitService -- User concurrentuser from IP 10.0.0.10 is now locked out after 3 failed attempts
10:47:33.103 [pool-2-thread-7] WARN com.fabric.watcher.archive.service.AuthenticationRateLimitService -- User concurrentuser from IP 10.0.0.10 is now locked out after 3 failed attempts
10:47:33.103 [pool-2-thread-6] WARN com.fabric.watcher.archive.service.AuthenticationRateLimitService -- User concurrentuser from IP 10.0.0.10 is now locked out after 3 failed attempts
10:47:33.103 [pool-2-thread-10] WARN com.fabric.watcher.archive.service.AuthenticationRateLimitService -- User concurrentuser from IP 10.0.0.10 is now locked out after 3 failed attempts
10:47:33.103 [pool-2-thread-4] WARN com.fabric.watcher.archive.service.AuthenticationRateLimitService -- User concurrentuser from IP 10.0.0.10 is now locked out after 3 failed attempts
10:47:33.103 [pool-2-thread-17] WARN com.fabric.watcher.archive.service.AuthenticationRateLimitService -- User concurrentuser from IP 10.0.0.10 is now locked out after 3 failed attempts
10:47:33.103 [pool-2-thread-1] WARN com.fabric.watcher.archive.service.AuthenticationRateLimitService -- User concurrentuser from IP 10.0.0.10 is now locked out after 3 failed attempts
10:47:33.103 [pool-2-thread-3] WARN com.fabric.watcher.archive.service.AuthenticationRateLimitService -- User concurrentuser from IP 10.0.0.10 is now locked out after 3 failed attempts
10:47:33.103 [pool-2-thread-15] WARN com.fabric.watcher.archive.service.AuthenticationRateLimitService -- User concurrentuser from IP 10.0.0.10 is now locked out after 3 failed attempts
10:47:33.103 [pool-2-thread-11] WARN com.fabric.watcher.archive.service.AuthenticationRateLimitService -- User concurrentuser from IP 10.0.0.10 is now locked out after 3 failed attempts
10:47:33.103 [pool-2-thread-2] WARN com.fabric.watcher.archive.service.AuthenticationRateLimitService -- User concurrentuser from IP 10.0.0.10 is now locked out after 3 failed attempts
10:47:33.103 [pool-2-thread-13] WARN com.fabric.watcher.archive.service.AuthenticationRateLimitService -- User concurrentuser from IP 10.0.0.10 is now locked out after 3 failed attempts
10:47:33.103 [pool-2-thread-8] WARN com.fabric.watcher.archive.service.AuthenticationRateLimitService -- User concurrentuser from IP 10.0.0.10 is now locked out after 3 failed attempts
10:47:33.103 [pool-2-thread-5] WARN com.fabric.watcher.archive.service.AuthenticationRateLimitService -- User concurrentuser from IP 10.0.0.10 is now locked out after 3 failed attempts
10:47:33.103 [pool-2-thread-9] WARN com.fabric.watcher.archive.service.AuthenticationRateLimitService -- User concurrentuser from IP 10.0.0.10 is now locked out after 3 failed attempts
10:47:33.103 [pool-2-thread-12] WARN com.fabric.watcher.archive.service.AuthenticationRateLimitService -- User concurrentuser from IP 10.0.0.10 is now locked out after 3 failed attempts
10:47:33.103 [pool-2-thread-16] WARN com.fabric.watcher.archive.service.AuthenticationRateLimitService -- User concurrentuser from IP 10.0.0.10 is now locked out after 3 failed attempts
10:47:33.103 [pool-2-thread-14] WARN com.fabric.watcher.archive.service.AuthenticationRateLimitService -- User concurrentuser from IP 10.0.0.10 is now locked out after 3 failed attempts
10:47:33.104 [pool-2-thread-18] WARN com.fabric.watcher.archive.service.AuthenticationRateLimitService -- User concurrentuser from IP 10.0.0.10 is now locked out after 3 failed attempts
10:47:33.104 [pool-2-thread-19] WARN com.fabric.watcher.archive.service.AuthenticationRateLimitService -- User concurrentuser from IP 10.0.0.10 is now locked out after 3 failed attempts
10:47:33.104 [pool-2-thread-20] WARN com.fabric.watcher.archive.service.AuthenticationRateLimitService -- User concurrentuser from IP 10.0.0.10 is now locked out after 3 failed attempts
10:47:33.115 [pool-2-thread-19] WARN com.fabric.watcher.archive.service.AuthenticationRateLimitService -- User concurrentuser from IP 10.0.0.10 is now locked out after 3 failed attempts
10:47:33.115 [pool-2-thread-10] WARN com.fabric.watcher.archive.service.AuthenticationRateLimitService -- User concurrentuser from IP 10.0.0.10 is now locked out after 3 failed attempts
10:47:33.116 [pool-2-thread-4] WARN com.fabric.watcher.archive.service.AuthenticationRateLimitService -- User concurrentuser from IP 10.0.0.10 is now locked out after 3 failed attempts
10:47:33.116 [pool-2-thread-9] WARN com.fabric.watcher.archive.service.AuthenticationRateLimitService -- User concurrentuser from IP 10.0.0.10 is now locked out after 3 failed attempts
10:47:33.116 [pool-2-thread-13] WARN com.fabric.watcher.archive.service.AuthenticationRateLimitService -- User concurrentuser from IP 10.0.0.10 is now locked out after 3 failed attempts
10:47:33.115 [pool-2-thread-1] WARN com.fabric.watcher.archive.service.AuthenticationRateLimitService -- User concurrentuser from IP 10.0.0.10 is now locked out after 3 failed attempts
10:47:33.116 [pool-2-thread-3] WARN com.fabric.watcher.archive.service.AuthenticationRateLimitService -- User concurrentuser from IP 10.0.0.10 is now locked out after 3 failed attempts
10:47:33.115 [pool-2-thread-6] WARN com.fabric.watcher.archive.service.AuthenticationRateLimitService -- User concurrentuser from IP 10.0.0.10 is now locked out after 3 failed attempts
10:47:33.115 [pool-2-thread-7] WARN com.fabric.watcher.archive.service.AuthenticationRateLimitService -- User concurrentuser from IP 10.0.0.10 is now locked out after 3 failed attempts
10:47:33.115 [pool-2-thread-11] WARN com.fabric.watcher.archive.service.AuthenticationRateLimitService -- User concurrentuser from IP 10.0.0.10 is now locked out after 3 failed attempts
10:47:33.116 [pool-2-thread-15] WARN com.fabric.watcher.archive.service.AuthenticationRateLimitService -- User concurrentuser from IP 10.0.0.10 is now locked out after 3 failed attempts
10:47:33.116 [pool-2-thread-2] WARN com.fabric.watcher.archive.service.AuthenticationRateLimitService -- User concurrentuser from IP 10.0.0.10 is now locked out after 3 failed attempts
10:47:33.116 [pool-2-thread-17] WARN com.fabric.watcher.archive.service.AuthenticationRateLimitService -- User concurrentuser from IP 10.0.0.10 is now locked out after 3 failed attempts
10:47:33.116 [pool-2-thread-14] WARN com.fabric.watcher.archive.service.AuthenticationRateLimitService -- User concurrentuser from IP 10.0.0.10 is now locked out after 3 failed attempts
10:47:33.116 [pool-2-thread-8] WARN com.fabric.watcher.archive.service.AuthenticationRateLimitService -- User concurrentuser from IP 10.0.0.10 is now locked out after 3 failed attempts
10:47:33.116 [pool-2-thread-5] WARN com.fabric.watcher.archive.service.AuthenticationRateLimitService -- User concurrentuser from IP 10.0.0.10 is now locked out after 3 failed attempts
10:47:33.116 [pool-2-thread-18] WARN com.fabric.watcher.archive.service.AuthenticationRateLimitService -- User concurrentuser from IP 10.0.0.10 is now locked out after 3 failed attempts
10:47:33.116 [pool-2-thread-20] WARN com.fabric.watcher.archive.service.AuthenticationRateLimitService -- User concurrentuser from IP 10.0.0.10 is now locked out after 3 failed attempts
10:47:33.116 [pool-2-thread-16] WARN com.fabric.watcher.archive.service.AuthenticationRateLimitService -- User concurrentuser from IP 10.0.0.10 is now locked out after 3 failed attempts
10:47:33.116 [pool-2-thread-12] WARN com.fabric.watcher.archive.service.AuthenticationRateLimitService -- User concurrentuser from IP 10.0.0.10 is now locked out after 3 failed attempts
]]></system-out>
  </testcase>
  <testcase name="testRateLimitingMemoryManagement" classname="com.fabric.watcher.archive.security.RateLimitingSecurityTest" time="0.007">
    <system-out><![CDATA[10:47:33.130 [main] INFO com.fabric.watcher.archive.service.AuthenticationRateLimitService -- Authentication rate limiting initialized: 3 max attempts, 15min lockout
10:47:33.134 [main] INFO com.fabric.watcher.archive.service.AuthenticationRateLimitService -- Cleared 1000 failed attempt records
10:47:33.135 [main] WARN com.fabric.watcher.archive.service.AuthenticationRateLimitService -- User repeatuser1 from IP 192.168.3.1 is now locked out after 3 failed attempts
10:47:33.135 [main] WARN com.fabric.watcher.archive.service.AuthenticationRateLimitService -- User repeatuser2 from IP 192.168.3.2 is now locked out after 3 failed attempts
10:47:33.135 [main] WARN com.fabric.watcher.archive.service.AuthenticationRateLimitService -- User repeatuser3 from IP 192.168.3.3 is now locked out after 3 failed attempts
10:47:33.135 [main] WARN com.fabric.watcher.archive.service.AuthenticationRateLimitService -- User repeatuser4 from IP 192.168.3.4 is now locked out after 3 failed attempts
10:47:33.135 [main] WARN com.fabric.watcher.archive.service.AuthenticationRateLimitService -- User repeatuser5 from IP 192.168.3.5 is now locked out after 3 failed attempts
10:47:33.135 [main] WARN com.fabric.watcher.archive.service.AuthenticationRateLimitService -- User repeatuser6 from IP 192.168.3.6 is now locked out after 3 failed attempts
10:47:33.135 [main] WARN com.fabric.watcher.archive.service.AuthenticationRateLimitService -- User repeatuser7 from IP 192.168.3.7 is now locked out after 3 failed attempts
10:47:33.135 [main] WARN com.fabric.watcher.archive.service.AuthenticationRateLimitService -- User repeatuser8 from IP 192.168.3.8 is now locked out after 3 failed attempts
10:47:33.135 [main] WARN com.fabric.watcher.archive.service.AuthenticationRateLimitService -- User repeatuser9 from IP 192.168.3.9 is now locked out after 3 failed attempts
10:47:33.135 [main] WARN com.fabric.watcher.archive.service.AuthenticationRateLimitService -- User repeatuser1 from IP 192.168.3.1 is now locked out after 3 failed attempts
10:47:33.135 [main] WARN com.fabric.watcher.archive.service.AuthenticationRateLimitService -- User repeatuser2 from IP 192.168.3.2 is now locked out after 3 failed attempts
10:47:33.135 [main] WARN com.fabric.watcher.archive.service.AuthenticationRateLimitService -- User repeatuser3 from IP 192.168.3.3 is now locked out after 3 failed attempts
10:47:33.135 [main] WARN com.fabric.watcher.archive.service.AuthenticationRateLimitService -- User repeatuser4 from IP 192.168.3.4 is now locked out after 3 failed attempts
10:47:33.135 [main] WARN com.fabric.watcher.archive.service.AuthenticationRateLimitService -- User repeatuser5 from IP 192.168.3.5 is now locked out after 3 failed attempts
10:47:33.135 [main] WARN com.fabric.watcher.archive.service.AuthenticationRateLimitService -- User repeatuser6 from IP 192.168.3.6 is now locked out after 3 failed attempts
10:47:33.135 [main] WARN com.fabric.watcher.archive.service.AuthenticationRateLimitService -- User repeatuser7 from IP 192.168.3.7 is now locked out after 3 failed attempts
10:47:33.135 [main] WARN com.fabric.watcher.archive.service.AuthenticationRateLimitService -- User repeatuser8 from IP 192.168.3.8 is now locked out after 3 failed attempts
10:47:33.135 [main] WARN com.fabric.watcher.archive.service.AuthenticationRateLimitService -- User repeatuser9 from IP 192.168.3.9 is now locked out after 3 failed attempts
10:47:33.135 [main] WARN com.fabric.watcher.archive.service.AuthenticationRateLimitService -- User repeatuser1 from IP 192.168.3.1 is now locked out after 3 failed attempts
10:47:33.135 [main] WARN com.fabric.watcher.archive.service.AuthenticationRateLimitService -- User repeatuser2 from IP 192.168.3.2 is now locked out after 3 failed attempts
10:47:33.135 [main] WARN com.fabric.watcher.archive.service.AuthenticationRateLimitService -- User repeatuser3 from IP 192.168.3.3 is now locked out after 3 failed attempts
10:47:33.135 [main] WARN com.fabric.watcher.archive.service.AuthenticationRateLimitService -- User repeatuser4 from IP 192.168.3.4 is now locked out after 3 failed attempts
10:47:33.135 [main] WARN com.fabric.watcher.archive.service.AuthenticationRateLimitService -- User repeatuser5 from IP 192.168.3.5 is now locked out after 3 failed attempts
10:47:33.135 [main] WARN com.fabric.watcher.archive.service.AuthenticationRateLimitService -- User repeatuser6 from IP 192.168.3.6 is now locked out after 3 failed attempts
10:47:33.135 [main] WARN com.fabric.watcher.archive.service.AuthenticationRateLimitService -- User repeatuser7 from IP 192.168.3.7 is now locked out after 3 failed attempts
10:47:33.135 [main] WARN com.fabric.watcher.archive.service.AuthenticationRateLimitService -- User repeatuser8 from IP 192.168.3.8 is now locked out after 3 failed attempts
10:47:33.135 [main] WARN com.fabric.watcher.archive.service.AuthenticationRateLimitService -- User repeatuser9 from IP 192.168.3.9 is now locked out after 3 failed attempts
10:47:33.135 [main] WARN com.fabric.watcher.archive.service.AuthenticationRateLimitService -- User repeatuser1 from IP 192.168.3.1 is now locked out after 3 failed attempts
10:47:33.135 [main] WARN com.fabric.watcher.archive.service.AuthenticationRateLimitService -- User repeatuser2 from IP 192.168.3.2 is now locked out after 3 failed attempts
10:47:33.135 [main] WARN com.fabric.watcher.archive.service.AuthenticationRateLimitService -- User repeatuser3 from IP 192.168.3.3 is now locked out after 3 failed attempts
10:47:33.135 [main] WARN com.fabric.watcher.archive.service.AuthenticationRateLimitService -- User repeatuser4 from IP 192.168.3.4 is now locked out after 3 failed attempts
10:47:33.135 [main] WARN com.fabric.watcher.archive.service.AuthenticationRateLimitService -- User repeatuser5 from IP 192.168.3.5 is now locked out after 3 failed attempts
10:47:33.135 [main] WARN com.fabric.watcher.archive.service.AuthenticationRateLimitService -- User repeatuser6 from IP 192.168.3.6 is now locked out after 3 failed attempts
10:47:33.135 [main] WARN com.fabric.watcher.archive.service.AuthenticationRateLimitService -- User repeatuser7 from IP 192.168.3.7 is now locked out after 3 failed attempts
10:47:33.135 [main] WARN com.fabric.watcher.archive.service.AuthenticationRateLimitService -- User repeatuser8 from IP 192.168.3.8 is now locked out after 3 failed attempts
10:47:33.135 [main] WARN com.fabric.watcher.archive.service.AuthenticationRateLimitService -- User repeatuser9 from IP 192.168.3.9 is now locked out after 3 failed attempts
10:47:33.135 [main] WARN com.fabric.watcher.archive.service.AuthenticationRateLimitService -- User repeatuser1 from IP 192.168.3.1 is now locked out after 3 failed attempts
10:47:33.135 [main] WARN com.fabric.watcher.archive.service.AuthenticationRateLimitService -- User repeatuser2 from IP 192.168.3.2 is now locked out after 3 failed attempts
10:47:33.135 [main] WARN com.fabric.watcher.archive.service.AuthenticationRateLimitService -- User repeatuser3 from IP 192.168.3.3 is now locked out after 3 failed attempts
10:47:33.135 [main] WARN com.fabric.watcher.archive.service.AuthenticationRateLimitService -- User repeatuser4 from IP 192.168.3.4 is now locked out after 3 failed attempts
10:47:33.136 [main] WARN com.fabric.watcher.archive.service.AuthenticationRateLimitService -- User repeatuser5 from IP 192.168.3.5 is now locked out after 3 failed attempts
10:47:33.136 [main] WARN com.fabric.watcher.archive.service.AuthenticationRateLimitService -- User repeatuser6 from IP 192.168.3.6 is now locked out after 3 failed attempts
10:47:33.136 [main] WARN com.fabric.watcher.archive.service.AuthenticationRateLimitService -- User repeatuser7 from IP 192.168.3.7 is now locked out after 3 failed attempts
10:47:33.136 [main] WARN com.fabric.watcher.archive.service.AuthenticationRateLimitService -- User repeatuser8 from IP 192.168.3.8 is now locked out after 3 failed attempts
10:47:33.136 [main] WARN com.fabric.watcher.archive.service.AuthenticationRateLimitService -- User repeatuser9 from IP 192.168.3.9 is now locked out after 3 failed attempts
10:47:33.136 [main] WARN com.fabric.watcher.archive.service.AuthenticationRateLimitService -- User repeatuser1 from IP 192.168.3.1 is now locked out after 3 failed attempts
10:47:33.136 [main] WARN com.fabric.watcher.archive.service.AuthenticationRateLimitService -- User repeatuser2 from IP 192.168.3.2 is now locked out after 3 failed attempts
10:47:33.136 [main] WARN com.fabric.watcher.archive.service.AuthenticationRateLimitService -- User repeatuser3 from IP 192.168.3.3 is now locked out after 3 failed attempts
10:47:33.136 [main] WARN com.fabric.watcher.archive.service.AuthenticationRateLimitService -- User repeatuser4 from IP 192.168.3.4 is now locked out after 3 failed attempts
10:47:33.136 [main] WARN com.fabric.watcher.archive.service.AuthenticationRateLimitService -- User repeatuser5 from IP 192.168.3.5 is now locked out after 3 failed attempts
10:47:33.136 [main] WARN com.fabric.watcher.archive.service.AuthenticationRateLimitService -- User repeatuser6 from IP 192.168.3.6 is now locked out after 3 failed attempts
10:47:33.136 [main] WARN com.fabric.watcher.archive.service.AuthenticationRateLimitService -- User repeatuser7 from IP 192.168.3.7 is now locked out after 3 failed attempts
10:47:33.136 [main] WARN com.fabric.watcher.archive.service.AuthenticationRateLimitService -- User repeatuser8 from IP 192.168.3.8 is now locked out after 3 failed attempts
10:47:33.136 [main] WARN com.fabric.watcher.archive.service.AuthenticationRateLimitService -- User repeatuser9 from IP 192.168.3.9 is now locked out after 3 failed attempts
10:47:33.136 [main] WARN com.fabric.watcher.archive.service.AuthenticationRateLimitService -- User repeatuser1 from IP 192.168.3.1 is now locked out after 3 failed attempts
10:47:33.136 [main] WARN com.fabric.watcher.archive.service.AuthenticationRateLimitService -- User repeatuser2 from IP 192.168.3.2 is now locked out after 3 failed attempts
10:47:33.136 [main] WARN com.fabric.watcher.archive.service.AuthenticationRateLimitService -- User repeatuser3 from IP 192.168.3.3 is now locked out after 3 failed attempts
10:47:33.136 [main] WARN com.fabric.watcher.archive.service.AuthenticationRateLimitService -- User repeatuser4 from IP 192.168.3.4 is now locked out after 3 failed attempts
10:47:33.136 [main] WARN com.fabric.watcher.archive.service.AuthenticationRateLimitService -- User repeatuser5 from IP 192.168.3.5 is now locked out after 3 failed attempts
10:47:33.136 [main] WARN com.fabric.watcher.archive.service.AuthenticationRateLimitService -- User repeatuser6 from IP 192.168.3.6 is now locked out after 3 failed attempts
10:47:33.136 [main] WARN com.fabric.watcher.archive.service.AuthenticationRateLimitService -- User repeatuser7 from IP 192.168.3.7 is now locked out after 3 failed attempts
10:47:33.136 [main] WARN com.fabric.watcher.archive.service.AuthenticationRateLimitService -- User repeatuser8 from IP 192.168.3.8 is now locked out after 3 failed attempts
10:47:33.136 [main] WARN com.fabric.watcher.archive.service.AuthenticationRateLimitService -- User repeatuser9 from IP 192.168.3.9 is now locked out after 3 failed attempts
10:47:33.136 [main] WARN com.fabric.watcher.archive.service.AuthenticationRateLimitService -- User repeatuser1 from IP 192.168.3.1 is now locked out after 3 failed attempts
10:47:33.136 [main] WARN com.fabric.watcher.archive.service.AuthenticationRateLimitService -- User repeatuser2 from IP 192.168.3.2 is now locked out after 3 failed attempts
10:47:33.136 [main] WARN com.fabric.watcher.archive.service.AuthenticationRateLimitService -- User repeatuser3 from IP 192.168.3.3 is now locked out after 3 failed attempts
10:47:33.136 [main] WARN com.fabric.watcher.archive.service.AuthenticationRateLimitService -- User repeatuser4 from IP 192.168.3.4 is now locked out after 3 failed attempts
10:47:33.136 [main] WARN com.fabric.watcher.archive.service.AuthenticationRateLimitService -- User repeatuser5 from IP 192.168.3.5 is now locked out after 3 failed attempts
10:47:33.136 [main] WARN com.fabric.watcher.archive.service.AuthenticationRateLimitService -- User repeatuser6 from IP 192.168.3.6 is now locked out after 3 failed attempts
10:47:33.136 [main] WARN com.fabric.watcher.archive.service.AuthenticationRateLimitService -- User repeatuser7 from IP 192.168.3.7 is now locked out after 3 failed attempts
10:47:33.136 [main] WARN com.fabric.watcher.archive.service.AuthenticationRateLimitService -- User repeatuser8 from IP 192.168.3.8 is now locked out after 3 failed attempts
10:47:33.136 [main] WARN com.fabric.watcher.archive.service.AuthenticationRateLimitService -- User repeatuser9 from IP 192.168.3.9 is now locked out after 3 failed attempts
]]></system-out>
  </testcase>
</testsuite>